{"C:\\Users\\Leandro\\Desktop\\ORMAT\\OrmatApp2\\OrmatApp\\src\\features\\pañol\\PañolPage.tsx": {"path":"C:\\Users\\Leandro\\Desktop\\ORMAT\\OrmatApp2\\OrmatApp\\src\\features\\pañol\\PañolPage.tsx","statementMap":{"0":{"start":{"line":8,"column":35},"end":{"line":88,"column":null}},"1":{"start":{"line":92,"column":13},"end":{"line":103,"column":null}},"2":{"start":{"line":92,"column":25},"end":{"line":92,"column":null}},"3":{"start":{"line":92,"column":25},"end":{"line":103,"column":null}},"4":{"start":{"line":94,"column":8},"end":{"line":101,"column":null}},"5":{"start":{"line":103,"column":11},"end":{"line":103,"column":null}},"6":{"start":{"line":103,"column":11},"end":{"line":94,"column":null}},"7":{"start":{"line":99,"column":33},"end":{"line":99,"column":58}},"8":{"start":{"line":99,"column":58},"end":{"line":100,"column":92}}},"fnMap":{"0":{"name":"(anonymous_0)","decl":{"start":{"line":92,"column":13},"end":{"line":92,"column":25}},"loc":{"start":{"line":92,"column":25},"end":{"line":103,"column":null}},"line":92},"1":{"name":"_temp","decl":{"start":{"line":92,"column":25},"end":{"line":92,"column":null}},"loc":{"start":{"line":92,"column":25},"end":{"line":100,"column":null}},"line":92}},"branchMap":{"0":{"loc":{"start":{"line":92,"column":25},"end":{"line":103,"column":null}},"type":"if","locations":[{"start":{"line":92,"column":25},"end":{"line":103,"column":null}},{"start":{"line":103,"column":11},"end":{"line":103,"column":null}}],"line":92}},"s":{"0":1,"1":1,"2":2,"3":2,"4":2,"5":0,"6":2,"7":40,"8":40},"f":{"0":2,"1":40},"b":{"0":[2,0]},"meta":{"lastBranch":1,"lastFunction":2,"lastStatement":9,"seen":{"s:8:35:88:Infinity":0,"s:92:13:103:Infinity":1,"f:92:13:92:25":0,"s:92:25:92:Infinity":2,"b:92:25:103:Infinity:103:11:103:Infinity":0,"s:92:25:103:Infinity":3,"s:94:8:101:Infinity":4,"s:103:11:103:Infinity":5,"s:103:11:94:Infinity":6,"f:92:25:92:Infinity":1,"s:99:33:99:58":7,"s:99:58:100:92":8},"fnNames":{}}}
,"C:\\Users\\Leandro\\Desktop\\ORMAT\\OrmatApp2\\OrmatApp\\src\\features\\pañol\\pañolStyles.css": {"path":"C:\\Users\\Leandro\\Desktop\\ORMAT\\OrmatApp2\\OrmatApp\\src\\features\\pañol\\pañolStyles.css","statementMap":{},"fnMap":{},"branchMap":{},"s":{},"f":{},"b":{},"meta":{"lastBranch":0,"lastFunction":0,"lastStatement":0,"seen":{},"fnNames":{}}}
,"C:\\Users\\Leandro\\Desktop\\ORMAT\\OrmatApp2\\OrmatApp\\src\\features\\pañol\\components\\ItemCounter.tsx": {"path":"C:\\Users\\Leandro\\Desktop\\ORMAT\\OrmatApp2\\OrmatApp\\src\\features\\pañol\\components\\ItemCounter.tsx","statementMap":{"0":{"start":{"line":10,"column":13},"end":{"line":31,"column":null}},"1":{"start":{"line":10,"column":27},"end":{"line":10,"column":28}},"2":{"start":{"line":10,"column":28},"end":{"line":10,"column":null}},"3":{"start":{"line":11,"column":30},"end":{"line":11,"column":49}},"4":{"start":{"line":11,"column":49},"end":{"line":15,"column":null}},"5":{"start":{"line":13,"column":22},"end":{"line":14,"column":null}},"6":{"start":{"line":14,"column":8},"end":{"line":14,"column":27}},"7":{"start":{"line":15,"column":5},"end":{"line":15,"column":null}},"8":{"start":{"line":13,"column":22},"end":{"line":13,"column":null}},"9":{"start":{"line":15,"column":5},"end":{"line":20,"column":null}},"10":{"start":{"line":17,"column":27},"end":{"line":19,"column":null}},"11":{"start":{"line":18,"column":8},"end":{"line":18,"column":null}},"12":{"start":{"line":18,"column":21},"end":{"line":18,"column":null}},"13":{"start":{"line":19,"column":8},"end":{"line":19,"column":27}},"14":{"start":{"line":20,"column":5},"end":{"line":20,"column":null}},"15":{"start":{"line":17,"column":27},"end":{"line":17,"column":null}},"16":{"start":{"line":25,"column":27},"end":{"line":25,"column":36}},"17":{"start":{"line":25,"column":55},"end":{"line":26,"column":20}},"18":{"start":{"line":24,"column":57},"end":{"line":26,"column":17}},"19":{"start":{"line":26,"column":17},"end":{"line":26,"column":20}},"20":{"start":{"line":26,"column":17},"end":{"line":26,"column":null}},"21":{"start":{"line":24,"column":16},"end":{"line":26,"column":null}},"22":{"start":{"line":26,"column":32},"end":{"line":26,"column":null}},"23":{"start":{"line":27,"column":59},"end":{"line":27,"column":69}},"24":{"start":{"line":27,"column":69},"end":{"line":27,"column":null}},"25":{"start":{"line":27,"column":16},"end":{"line":27,"column":null}},"26":{"start":{"line":27,"column":81},"end":{"line":27,"column":null}},"27":{"start":{"line":27,"column":81},"end":{"line":28,"column":null}},"28":{"start":{"line":28,"column":16},"end":{"line":28,"column":null}},"29":{"start":{"line":28,"column":36},"end":{"line":28,"column":null}},"30":{"start":{"line":28,"column":36},"end":{"line":29,"column":null}},"31":{"start":{"line":29,"column":16},"end":{"line":29,"column":null}},"32":{"start":{"line":29,"column":54},"end":{"line":29,"column":null}},"33":{"start":{"line":29,"column":54},"end":{"line":31,"column":null}},"34":{"start":{"line":22,"column":8},"end":{"line":30,"column":null}},"35":{"start":{"line":31,"column":11},"end":{"line":31,"column":null}},"36":{"start":{"line":31,"column":11},"end":{"line":22,"column":null}}},"fnMap":{"0":{"name":"(anonymous_0)","decl":{"start":{"line":10,"column":13},"end":{"line":10,"column":27}},"loc":{"start":{"line":10,"column":27},"end":{"line":31,"column":null}},"line":10},"1":{"name":"(anonymous_1)","decl":{"start":{"line":13,"column":22},"end":{"line":13,"column":null}},"loc":{"start":{"line":13,"column":22},"end":{"line":14,"column":null}},"line":13},"2":{"name":"(anonymous_2)","decl":{"start":{"line":17,"column":27},"end":{"line":17,"column":null}},"loc":{"start":{"line":17,"column":27},"end":{"line":19,"column":null}},"line":17}},"branchMap":{"0":{"loc":{"start":{"line":11,"column":49},"end":{"line":15,"column":null}},"type":"if","locations":[{"start":{"line":11,"column":49},"end":{"line":15,"column":null}},{"start":{"line":15,"column":5},"end":{"line":15,"column":null}}],"line":11},"1":{"loc":{"start":{"line":15,"column":5},"end":{"line":20,"column":null}},"type":"if","locations":[{"start":{"line":15,"column":5},"end":{"line":20,"column":null}},{"start":{"line":20,"column":5},"end":{"line":20,"column":null}}],"line":15},"2":{"loc":{"start":{"line":18,"column":8},"end":{"line":18,"column":null}},"type":"if","locations":[{"start":{"line":18,"column":8},"end":{"line":18,"column":null}},{"start":{},"end":{}}],"line":18},"3":{"loc":{"start":{"line":25,"column":27},"end":{"line":25,"column":36}},"type":"cond-expr","locations":[{"start":{"line":25,"column":27},"end":{"line":25,"column":36}},{"start":{"line":25,"column":27},"end":{"line":25,"column":36}}],"line":25},"4":{"loc":{"start":{"line":25,"column":55},"end":{"line":26,"column":20}},"type":"if","locations":[{"start":{"line":25,"column":55},"end":{"line":26,"column":20}},{"start":{"line":26,"column":17},"end":{"line":26,"column":20}}],"line":25},"5":{"loc":{"start":{"line":26,"column":17},"end":{"line":26,"column":null}},"type":"if","locations":[{"start":{"line":26,"column":17},"end":{"line":26,"column":null}},{"start":{"line":26,"column":32},"end":{"line":26,"column":null}}],"line":26},"6":{"loc":{"start":{"line":26,"column":17},"end":{"line":26,"column":20}},"type":"binary-expr","locations":[{"start":{"line":26,"column":17},"end":{"line":26,"column":20}},{"start":{"line":26,"column":17},"end":{"line":26,"column":20}}],"line":26},"7":{"loc":{"start":{"line":27,"column":69},"end":{"line":27,"column":null}},"type":"if","locations":[{"start":{"line":27,"column":69},"end":{"line":27,"column":null}},{"start":{"line":27,"column":81},"end":{"line":27,"column":null}}],"line":27},"8":{"loc":{"start":{"line":27,"column":69},"end":{"line":27,"column":71}},"type":"binary-expr","locations":[{"start":{"line":27,"column":69},"end":{"line":27,"column":71}},{"start":{"line":27,"column":69},"end":{"line":27,"column":71}}],"line":27},"9":{"loc":{"start":{"line":27,"column":81},"end":{"line":28,"column":null}},"type":"if","locations":[{"start":{"line":27,"column":81},"end":{"line":28,"column":null}},{"start":{"line":28,"column":36},"end":{"line":28,"column":null}}],"line":27},"10":{"loc":{"start":{"line":28,"column":36},"end":{"line":29,"column":null}},"type":"if","locations":[{"start":{"line":28,"column":36},"end":{"line":29,"column":null}},{"start":{"line":29,"column":54},"end":{"line":29,"column":null}}],"line":28},"11":{"loc":{"start":{"line":29,"column":54},"end":{"line":31,"column":null}},"type":"if","locations":[{"start":{"line":29,"column":54},"end":{"line":31,"column":null}},{"start":{"line":31,"column":11},"end":{"line":31,"column":null}}],"line":29},"12":{"loc":{"start":{"line":29,"column":54},"end":{"line":29,"column":null}},"type":"binary-expr","locations":[{"start":{"line":29,"column":54},"end":{"line":29,"column":null}},{"start":{"line":29,"column":54},"end":{"line":29,"column":null}},{"start":{"line":29,"column":54},"end":{"line":29,"column":null}},{"start":{"line":29,"column":54},"end":{"line":29,"column":null}}],"line":29}},"s":{"0":1,"1":10,"2":10,"3":10,"4":10,"5":10,"6":2,"7":0,"8":10,"9":10,"10":10,"11":2,"12":0,"13":2,"14":0,"15":10,"16":10,"17":10,"18":8,"19":2,"20":10,"21":8,"22":2,"23":10,"24":10,"25":10,"26":0,"27":10,"28":10,"29":0,"30":10,"31":10,"32":0,"33":10,"34":10,"35":0,"36":10},"f":{"0":10,"1":2,"2":2},"b":{"0":[10,0],"1":[10,0],"2":[0,2],"3":[3,7],"4":[8,2],"5":[8,2],"6":[10,4],"7":[10,0],"8":[10,0],"9":[10,0],"10":[10,0],"11":[10,0],"12":[10,2,0,0]},"meta":{"lastBranch":13,"lastFunction":3,"lastStatement":37,"seen":{"s:10:13:31:Infinity":0,"f:10:13:10:27":0,"s:10:27:10:28":1,"s:10:28:10:Infinity":2,"s:11:30:11:49":3,"b:11:49:15:Infinity:15:5:15:Infinity":0,"s:11:49:15:Infinity":4,"s:13:22:14:Infinity":5,"f:13:22:13:Infinity":1,"s:14:8:14:27":6,"s:15:5:15:Infinity":7,"s:13:22:13:Infinity":8,"b:15:5:20:Infinity:20:5:20:Infinity":1,"s:15:5:20:Infinity":9,"s:17:27:19:Infinity":10,"f:17:27:17:Infinity":2,"b:18:8:18:Infinity:undefined:undefined:undefined:undefined":2,"s:18:8:18:Infinity":11,"s:18:21:18:Infinity":12,"s:19:8:19:27":13,"s:20:5:20:Infinity":14,"s:17:27:17:Infinity":15,"s:25:27:25:36":16,"b:25:27:25:36:25:27:25:36":3,"b:25:55:26:20:26:17:26:20":4,"s:25:55:26:20":17,"s:24:57:26:17":18,"s:26:17:26:20":19,"b:26:17:26:Infinity:26:32:26:Infinity":5,"s:26:17:26:Infinity":20,"b:26:17:26:20:26:17:26:20":6,"s:24:16:26:Infinity":21,"s:26:32:26:Infinity":22,"s:27:59:27:69":23,"b:27:69:27:Infinity:27:81:27:Infinity":7,"s:27:69:27:Infinity":24,"b:27:69:27:71:27:69:27:71":8,"s:27:16:27:Infinity":25,"s:27:81:27:Infinity":26,"b:27:81:28:Infinity:28:36:28:Infinity":9,"s:27:81:28:Infinity":27,"s:28:16:28:Infinity":28,"s:28:36:28:Infinity":29,"b:28:36:29:Infinity:29:54:29:Infinity":10,"s:28:36:29:Infinity":30,"s:29:16:29:Infinity":31,"s:29:54:29:Infinity":32,"b:29:54:31:Infinity:31:11:31:Infinity":11,"s:29:54:31:Infinity":33,"b:29:54:29:Infinity:29:54:29:Infinity:29:54:29:Infinity:29:54:29:Infinity":12,"s:22:8:30:Infinity":34,"s:31:11:31:Infinity":35,"s:31:11:22:Infinity":36},"fnNames":{}}}
}
